  Charset.cpp
  FontGeometry.cpp
  GlyphGeometry.cpp
  RectanglePacker.cpp
  TightAtlasPacker.cpp
  Workload.cpp
  bitmap-blit.cpp
  charset-parser.cpp
  csv-export.cpp
  glyph-generators.cpp
  image-encode.cpp
  json-export.cpp
C:\Users\xenos\Documents\SHADE_Y2\SHADE_Engine_y2\Dependencies\msdf-atlas-gen\msdf-atlas-gen\TightAtlasPacker.cpp(39,120): warning C4267: 'argument': conversion from 'size_t' to 'int', possible loss of data
C:\Users\xenos\Documents\SHADE_Y2\SHADE_Engine_y2\Dependencies\msdf-atlas-gen\msdf-atlas-gen\TightAtlasPacker.cpp(42,114): warning C4267: 'argument': conversion from 'size_t' to 'int', possible loss of data
C:\Users\xenos\Documents\SHADE_Y2\SHADE_Engine_y2\Dependencies\msdf-atlas-gen\msdf-atlas-gen\TightAtlasPacker.cpp(45,114): warning C4267: 'argument': conversion from 'size_t' to 'int', possible loss of data
C:\Users\xenos\Documents\SHADE_Y2\SHADE_Engine_y2\Dependencies\msdf-atlas-gen\msdf-atlas-gen\TightAtlasPacker.cpp(48,114): warning C4267: 'argument': conversion from 'size_t' to 'int', possible loss of data
C:\Users\xenos\Documents\SHADE_Y2\SHADE_Engine_y2\Dependencies\msdf-atlas-gen\msdf-atlas-gen\TightAtlasPacker.cpp(51,113): warning C4267: 'argument': conversion from 'size_t' to 'int', possible loss of data
C:\Users\xenos\Documents\SHADE_Y2\SHADE_Engine_y2\Dependencies\msdf-atlas-gen\msdf-atlas-gen\TightAtlasPacker.cpp(58,12): warning C4267: 'argument': conversion from 'size_t' to 'int', possible loss of data
C:\Users\xenos\Documents\SHADE_Y2\SHADE_Engine_y2\Dependencies\msdf-atlas-gen\msdf-atlas-gen\RectanglePacker.cpp(70,34): warning C4267: '=': conversion from 'size_t' to 'int', possible loss of data
C:\Users\xenos\Documents\SHADE_Y2\SHADE_Engine_y2\Dependencies\msdf-atlas-gen\msdf-atlas-gen\RectanglePacker.cpp(71,33): warning C4267: '=': conversion from 'size_t' to 'int', possible loss of data
C:\Users\xenos\Documents\SHADE_Y2\SHADE_Engine_y2\Dependencies\msdf-atlas-gen\msdf-atlas-gen\RectanglePacker.cpp(77,38): warning C4267: '=': conversion from 'size_t' to 'int', possible loss of data
C:\Users\xenos\Documents\SHADE_Y2\SHADE_Engine_y2\Dependencies\msdf-atlas-gen\msdf-atlas-gen\RectanglePacker.cpp(78,37): warning C4267: '=': conversion from 'size_t' to 'int', possible loss of data
C:\Users\xenos\Documents\SHADE_Y2\SHADE_Engine_y2\Dependencies\msdf-atlas-gen\msdf-atlas-gen\RectanglePacker.cpp(110,34): warning C4267: '=': conversion from 'size_t' to 'int', possible loss of data
C:\Users\xenos\Documents\SHADE_Y2\SHADE_Engine_y2\Dependencies\msdf-atlas-gen\msdf-atlas-gen\RectanglePacker.cpp(111,33): warning C4267: '=': conversion from 'size_t' to 'int', possible loss of data
C:\Users\xenos\Documents\SHADE_Y2\SHADE_Engine_y2\Dependencies\msdf-atlas-gen\msdf-atlas-gen\RectanglePacker.cpp(116,34): warning C4267: '=': conversion from 'size_t' to 'int', possible loss of data
C:\Users\xenos\Documents\SHADE_Y2\SHADE_Engine_y2\Dependencies\msdf-atlas-gen\msdf-atlas-gen\RectanglePacker.cpp(117,33): warning C4267: '=': conversion from 'size_t' to 'int', possible loss of data
C:\Users\xenos\Documents\SHADE_Y2\SHADE_Engine_y2\Dependencies\msdf-atlas-gen\msdf-atlas-gen\RectanglePacker.cpp(124,38): warning C4267: '=': conversion from 'size_t' to 'int', possible loss of data
C:\Users\xenos\Documents\SHADE_Y2\SHADE_Engine_y2\Dependencies\msdf-atlas-gen\msdf-atlas-gen\RectanglePacker.cpp(125,37): warning C4267: '=': conversion from 'size_t' to 'int', possible loss of data
C:\Users\xenos\Documents\SHADE_Y2\SHADE_Engine_y2\Dependencies\msdf-atlas-gen\msdf-atlas-gen\RectanglePacker.cpp(133,38): warning C4267: '=': conversion from 'size_t' to 'int', possible loss of data
C:\Users\xenos\Documents\SHADE_Y2\SHADE_Engine_y2\Dependencies\msdf-atlas-gen\msdf-atlas-gen\RectanglePacker.cpp(134,37): warning C4267: '=': conversion from 'size_t' to 'int', possible loss of data
  main.cpp
  shadron-preview-generator.cpp
  size-selectors.cpp
  utf8.cpp
  msdf-atlas-gen.vcxproj -> C:\Users\xenos\Documents\SHADE_Y2\SHADE_Engine_y2\Dependencies\msdf-atlas-gen\bin\Release_x86_64\msdf-atlas-gen\msdf-atlas-gen.lib
